<?xml version="1.0" encoding="UTF-8"?>
<!-- Generated by org.testng.reporters.JUnitXMLReporter -->
<testsuite ignored="0" hostname="DESKTOP-DDAITJ6" failures="2" tests="29" name="Default test" time="80.874" errors="0" timestamp="2020-11-25T20:33:48 BDT">
  <testcase classname="pages.allBrands" name="@BeforeMethod setUpTest" time="17.083">
    <failure type="org.openqa.selenium.NoSuchWindowException" message="no such window: target window already closed
from unknown error: web view not found
  (Session info: chrome=87.0.4280.66)
Build info: version: &amp;apos;3.141.59&amp;apos;, revision: &amp;apos;e82be7d358&amp;apos;, time: &amp;apos;2018-11-14T08:25:48&amp;apos;
System info: host: &amp;apos;DESKTOP-DDAITJ6&amp;apos;, ip: &amp;apos;192.168.1.101&amp;apos;, os.name: &amp;apos;Windows 10&amp;apos;, os.arch: &amp;apos;amd64&amp;apos;, os.version: &amp;apos;10.0&amp;apos;, java.version: &amp;apos;15.0.1&amp;apos;
Driver info: org.openqa.selenium.chrome.ChromeDriver
Capabilities {acceptInsecureCerts: false, browserName: chrome, browserVersion: 87.0.4280.66, chrome: {chromedriverVersion: 86.0.4240.22 (398b0743353ff..., userDataDir: C:\Users\88015\AppData\Loca...}, goog:chromeOptions: {debuggerAddress: localhost:55534}, javascriptEnabled: true, networkConnectionEnabled: false, pageLoadStrategy: normal, platform: WINDOWS, platformName: WINDOWS, proxy: Proxy(), setWindowRect: true, strictFileInteractability: false, timeouts: {implicit: 0, pageLoad: 300000, script: 30000}, unhandledPromptBehavior: dismiss and notify, webauthn:virtualAuthenticators: true}
Session ID: 932e5bbcecaef07287d2518bde459b92">
      <![CDATA[org.openqa.selenium.NoSuchWindowException: no such window: target window already closed
from unknown error: web view not found
  (Session info: chrome=87.0.4280.66)
Build info: version: '3.141.59', revision: 'e82be7d358', time: '2018-11-14T08:25:48'
System info: host: 'DESKTOP-DDAITJ6', ip: '192.168.1.101', os.name: 'Windows 10', os.arch: 'amd64', os.version: '10.0', java.version: '15.0.1'
Driver info: org.openqa.selenium.chrome.ChromeDriver
Capabilities {acceptInsecureCerts: false, browserName: chrome, browserVersion: 87.0.4280.66, chrome: {chromedriverVersion: 86.0.4240.22 (398b0743353ff..., userDataDir: C:\Users\88015\AppData\Loca...}, goog:chromeOptions: {debuggerAddress: localhost:55534}, javascriptEnabled: true, networkConnectionEnabled: false, pageLoadStrategy: normal, platform: WINDOWS, platformName: WINDOWS, proxy: Proxy(), setWindowRect: true, strictFileInteractability: false, timeouts: {implicit: 0, pageLoad: 300000, script: 30000}, unhandledPromptBehavior: dismiss and notify, webauthn:virtualAuthenticators: true}
Session ID: 932e5bbcecaef07287d2518bde459b92
at java.base/jdk.internal.reflect.NativeConstructorAccessorImpl.newInstance0(Native Method)
at java.base/jdk.internal.reflect.NativeConstructorAccessorImpl.newInstance(NativeConstructorAccessorImpl.java:64)
at java.base/jdk.internal.reflect.DelegatingConstructorAccessorImpl.newInstance(DelegatingConstructorAccessorImpl.java:45)
at java.base/java.lang.reflect.Constructor.newInstanceWithCaller(Constructor.java:500)
at java.base/java.lang.reflect.Constructor.newInstance(Constructor.java:481)
at org.openqa.selenium.remote.http.W3CHttpResponseCodec.createException(W3CHttpResponseCodec.java:187)
at org.openqa.selenium.remote.http.W3CHttpResponseCodec.decode(W3CHttpResponseCodec.java:122)
at org.openqa.selenium.remote.http.W3CHttpResponseCodec.decode(W3CHttpResponseCodec.java:49)
at org.openqa.selenium.remote.HttpCommandExecutor.execute(HttpCommandExecutor.java:158)
at org.openqa.selenium.remote.service.DriverCommandExecutor.execute(DriverCommandExecutor.java:83)
at org.openqa.selenium.remote.RemoteWebDriver.execute(RemoteWebDriver.java:552)
at org.openqa.selenium.remote.RemoteWebDriver.execute(RemoteWebDriver.java:609)
at org.openqa.selenium.remote.RemoteWebDriver$RemoteTargetLocator.alert(RemoteWebDriver.java:932)
at pages.allBrands.setUpTest(allBrands.java:26)
at java.base/jdk.internal.reflect.NativeMethodAccessorImpl.invoke0(Native Method)
at java.base/jdk.internal.reflect.NativeMethodAccessorImpl.invoke(NativeMethodAccessorImpl.java:64)
at java.base/jdk.internal.reflect.DelegatingMethodAccessorImpl.invoke(DelegatingMethodAccessorImpl.java:43)
at java.base/java.lang.reflect.Method.invoke(Method.java:564)
at org.testng.internal.MethodInvocationHelper.invokeMethod(MethodInvocationHelper.java:132)
at org.testng.internal.MethodInvocationHelper.invokeMethodConsideringTimeout(MethodInvocationHelper.java:61)
at org.testng.internal.ConfigInvoker.invokeConfigurationMethod(ConfigInvoker.java:366)
at org.testng.internal.ConfigInvoker.invokeConfigurations(ConfigInvoker.java:320)
at org.testng.internal.TestInvoker.runConfigMethods(TestInvoker.java:701)
at org.testng.internal.TestInvoker.invokeMethod(TestInvoker.java:527)
at org.testng.internal.TestInvoker.invokeTestMethod(TestInvoker.java:174)
at org.testng.internal.MethodRunner.runInSequence(MethodRunner.java:46)
at org.testng.internal.TestInvoker$MethodInvocationAgent.invoke(TestInvoker.java:822)
at org.testng.internal.TestInvoker.invokeTestMethods(TestInvoker.java:147)
at org.testng.internal.TestMethodWorker.invokeTestMethods(TestMethodWorker.java:146)
at org.testng.internal.TestMethodWorker.run(TestMethodWorker.java:128)
at java.base/java.util.ArrayList.forEach(ArrayList.java:1511)
at org.testng.TestRunner.privateRun(TestRunner.java:764)
at org.testng.TestRunner.run(TestRunner.java:585)
at org.testng.SuiteRunner.runTest(SuiteRunner.java:384)
at org.testng.SuiteRunner.runSequentially(SuiteRunner.java:378)
at org.testng.SuiteRunner.privateRun(SuiteRunner.java:337)
at org.testng.SuiteRunner.run(SuiteRunner.java:286)
at org.testng.SuiteRunnerWorker.runSuite(SuiteRunnerWorker.java:53)
at org.testng.SuiteRunnerWorker.run(SuiteRunnerWorker.java:96)
at org.testng.TestNG.runSuitesSequentially(TestNG.java:1218)
at org.testng.TestNG.runSuitesLocally(TestNG.java:1140)
at org.testng.TestNG.runSuites(TestNG.java:1069)
at org.testng.TestNG.run(TestNG.java:1037)
at org.testng.remote.AbstractRemoteTestNG.run(AbstractRemoteTestNG.java:115)
at org.testng.remote.RemoteTestNG.initAndRun(RemoteTestNG.java:251)
at org.testng.remote.RemoteTestNG.main(RemoteTestNG.java:77)
]]>
    </failure>
  </testcase> <!-- @BeforeMethod setUpTest -->
  <testcase classname="pages.allBrands" name="@AfterMethod tearDown" time="-1.606314828265E9">
    <skipped/>
  </testcase> <!-- @AfterMethod tearDown -->
  <testcase classname="pages.allBrands" name="@BeforeMethod setUpTest" time="-1.606314828267E9">
    <skipped/>
  </testcase> <!-- @BeforeMethod setUpTest -->
  <testcase classname="pages.allBrands" name="@AfterMethod tearDown" time="-1.606314828273E9">
    <skipped/>
  </testcase> <!-- @AfterMethod tearDown -->
  <testcase classname="pages.allBrands" name="@BeforeMethod setUpTest" time="-1.606314828275E9">
    <skipped/>
  </testcase> <!-- @BeforeMethod setUpTest -->
  <testcase classname="pages.allBrands" name="@AfterMethod tearDown" time="-1.606314828282E9">
    <skipped/>
  </testcase> <!-- @AfterMethod tearDown -->
  <testcase classname="pages.allBrands" name="@BeforeMethod setUpTest" time="-1.606314828286E9">
    <skipped/>
  </testcase> <!-- @BeforeMethod setUpTest -->
  <testcase classname="pages.allBrands" name="@AfterMethod tearDown" time="-1.606314828293E9">
    <skipped/>
  </testcase> <!-- @AfterMethod tearDown -->
  <testcase classname="pages.allBrands" name="@BeforeMethod setUpTest" time="-1.606314828297E9">
    <skipped/>
  </testcase> <!-- @BeforeMethod setUpTest -->
  <testcase classname="pages.allBrands" name="@AfterMethod tearDown" time="-1.606314828302E9">
    <skipped/>
  </testcase> <!-- @AfterMethod tearDown -->
  <testcase classname="pages.allBrands" name="@BeforeMethod setUpTest" time="-1.606314828306E9">
    <skipped/>
  </testcase> <!-- @BeforeMethod setUpTest -->
  <testcase classname="pages.allBrands" name="@AfterMethod tearDown" time="-1.606314828313E9">
    <skipped/>
  </testcase> <!-- @AfterMethod tearDown -->
  <testcase classname="pages.allBrands" name="@BeforeMethod setUpTest" time="-1.606314828314E9">
    <skipped/>
  </testcase> <!-- @BeforeMethod setUpTest -->
  <testcase classname="pages.allBrands" name="@AfterMethod tearDown" time="-1.606314828324E9">
    <skipped/>
  </testcase> <!-- @AfterMethod tearDown -->
  <testcase classname="pages.allBrands" name="@BeforeMethod setUpTest" time="-1.606314828328E9">
    <skipped/>
  </testcase> <!-- @BeforeMethod setUpTest -->
  <testcase classname="pages.allBrands" name="@AfterMethod tearDown" time="-1.606314828332E9">
    <skipped/>
  </testcase> <!-- @AfterMethod tearDown -->
  <testcase classname="pages.allBrands" name="@BeforeMethod setUpTest" time="-1.606314828335E9">
    <skipped/>
  </testcase> <!-- @BeforeMethod setUpTest -->
  <testcase classname="pages.allBrands" name="@AfterMethod tearDown" time="-1.606314828341E9">
    <skipped/>
  </testcase> <!-- @AfterMethod tearDown -->
  <testcase classname="pages.allBrands" name="@BeforeMethod setUpTest" time="-1.606314828344E9">
    <skipped/>
  </testcase> <!-- @BeforeMethod setUpTest -->
  <testcase classname="pages.allBrands" name="@AfterMethod tearDown" time="-1.60631482835E9">
    <skipped/>
  </testcase> <!-- @AfterMethod tearDown -->
  <testcase classname="pages.allBrands" name="@BeforeMethod setUpTest" time="-1.606314828352E9">
    <skipped/>
  </testcase> <!-- @BeforeMethod setUpTest -->
  <testcase classname="pages.allBrands" name="@AfterMethod tearDown" time="-1.606314828358E9">
    <skipped/>
  </testcase> <!-- @AfterMethod tearDown -->
  <testcase classname="pages.allBrands" name="@BeforeMethod setUpTest" time="-1.606314828361E9">
    <skipped/>
  </testcase> <!-- @BeforeMethod setUpTest -->
  <testcase classname="pages.allBrands" name="@AfterMethod tearDown" time="-1.606314828368E9">
    <skipped/>
  </testcase> <!-- @AfterMethod tearDown -->
  <testcase classname="pages.allBrands" name="@BeforeMethod setUpTest" time="-1.606314828369E9">
    <skipped/>
  </testcase> <!-- @BeforeMethod setUpTest -->
  <testcase classname="pages.allBrands" name="@AfterMethod tearDown" time="-1.606314828375E9">
    <skipped/>
  </testcase> <!-- @AfterMethod tearDown -->
  <testcase classname="pages.allBrands" name="@BeforeMethod setUpTest" time="-1.60631482838E9">
    <skipped/>
  </testcase> <!-- @BeforeMethod setUpTest -->
  <testcase classname="pages.allBrands" name="@AfterMethod tearDown" time="-1.606314828384E9">
    <skipped/>
  </testcase> <!-- @AfterMethod tearDown -->
  <testcase classname="pages.allBrands" name="@BeforeMethod setUpTest" time="-1.606314828386E9">
    <skipped/>
  </testcase> <!-- @BeforeMethod setUpTest -->
  <testcase classname="pages.allBrands" name="@AfterMethod tearDown" time="-1.606314828391E9">
    <skipped/>
  </testcase> <!-- @AfterMethod tearDown -->
  <testcase classname="pages.allBrands" name="@BeforeMethod setUpTest" time="-1.606314828393E9">
    <skipped/>
  </testcase> <!-- @BeforeMethod setUpTest -->
  <testcase classname="pages.allBrands" name="@AfterMethod tearDown" time="-1.606314828397E9">
    <skipped/>
  </testcase> <!-- @AfterMethod tearDown -->
  <testcase classname="pages.allBrands" name="@BeforeMethod setUpTest" time="-1.606314828398E9">
    <skipped/>
  </testcase> <!-- @BeforeMethod setUpTest -->
  <testcase classname="pages.allBrands" name="@AfterMethod tearDown" time="-1.606314828403E9">
    <skipped/>
  </testcase> <!-- @AfterMethod tearDown -->
  <testcase classname="pages.allBrands" name="@BeforeMethod setUpTest" time="-1.606314828406E9">
    <skipped/>
  </testcase> <!-- @BeforeMethod setUpTest -->
  <testcase classname="pages.allBrands" name="@AfterMethod tearDown" time="-1.606314828409E9">
    <skipped/>
  </testcase> <!-- @AfterMethod tearDown -->
  <testcase classname="pages.allBrands" name="@BeforeMethod setUpTest" time="-1.606314828412E9">
    <skipped/>
  </testcase> <!-- @BeforeMethod setUpTest -->
  <testcase classname="pages.allBrands" name="@AfterMethod tearDown" time="-1.606314828417E9">
    <skipped/>
  </testcase> <!-- @AfterMethod tearDown -->
  <testcase classname="pages.allBrands" name="@BeforeMethod setUpTest" time="-1.606314828419E9">
    <skipped/>
  </testcase> <!-- @BeforeMethod setUpTest -->
  <testcase classname="pages.allBrands" name="@AfterMethod tearDown" time="-1.606314828424E9">
    <skipped/>
  </testcase> <!-- @AfterMethod tearDown -->
  <testcase classname="pages.allBrands" name="@BeforeMethod setUpTest" time="-1.606314828428E9">
    <skipped/>
  </testcase> <!-- @BeforeMethod setUpTest -->
  <testcase classname="pages.allBrands" name="@AfterMethod tearDown" time="-1.606314828432E9">
    <skipped/>
  </testcase> <!-- @AfterMethod tearDown -->
  <testcase classname="pages.allBrands" name="@BeforeMethod setUpTest" time="-1.606314828434E9">
    <skipped/>
  </testcase> <!-- @BeforeMethod setUpTest -->
  <testcase classname="pages.allBrands" name="@AfterMethod tearDown" time="-1.606314828438E9">
    <skipped/>
  </testcase> <!-- @AfterMethod tearDown -->
  <testcase classname="pages.allBrands" name="@BeforeMethod setUpTest" time="-1.606314828443E9">
    <skipped/>
  </testcase> <!-- @BeforeMethod setUpTest -->
  <testcase classname="pages.allBrands" name="@AfterMethod tearDown" time="-1.606314828448E9">
    <skipped/>
  </testcase> <!-- @AfterMethod tearDown -->
  <testcase classname="pages.allBrands" name="@BeforeMethod setUpTest" time="-1.606314828449E9">
    <skipped/>
  </testcase> <!-- @BeforeMethod setUpTest -->
  <testcase classname="pages.allBrands" name="@AfterMethod tearDown" time="-1.606314828456E9">
    <skipped/>
  </testcase> <!-- @AfterMethod tearDown -->
  <testcase classname="pages.allBrands" name="@BeforeMethod setUpTest" time="-1.60631482846E9">
    <skipped/>
  </testcase> <!-- @BeforeMethod setUpTest -->
  <testcase classname="pages.allBrands" name="@AfterMethod tearDown" time="-1.606314828464E9">
    <skipped/>
  </testcase> <!-- @AfterMethod tearDown -->
  <testcase classname="pages.allBrands" name="@BeforeMethod setUpTest" time="-1.606314828466E9">
    <skipped/>
  </testcase> <!-- @BeforeMethod setUpTest -->
  <testcase classname="pages.allBrands" name="@AfterMethod tearDown" time="-1.606314828469E9">
    <skipped/>
  </testcase> <!-- @AfterMethod tearDown -->
  <testcase classname="pages.allBrands" name="verifyUrl" time="0.525"/>
  <testcase classname="pages.allBrands" name="applianceRecalls" time="0.902">
    <failure type="java.lang.AssertionError" message="expected [https://www.espares.co.uk/search/ca2192/appliance-recalls] but found [https://www.espares.co.uk/brands]">
      <![CDATA[java.lang.AssertionError: expected [https://www.espares.co.uk/search/ca2192/appliance-recalls] but found [https://www.espares.co.uk/brands]
at org.testng.Assert.fail(Assert.java:99)
at org.testng.Assert.failNotEquals(Assert.java:1037)
at org.testng.Assert.assertEqualsImpl(Assert.java:140)
at org.testng.Assert.assertEquals(Assert.java:122)
at org.testng.Assert.assertEquals(Assert.java:629)
at org.testng.Assert.assertEquals(Assert.java:639)
at pages.allBrands.applianceRecalls(allBrands.java:50)
at java.base/jdk.internal.reflect.NativeMethodAccessorImpl.invoke0(Native Method)
at java.base/jdk.internal.reflect.NativeMethodAccessorImpl.invoke(NativeMethodAccessorImpl.java:64)
at java.base/jdk.internal.reflect.DelegatingMethodAccessorImpl.invoke(DelegatingMethodAccessorImpl.java:43)
at java.base/java.lang.reflect.Method.invoke(Method.java:564)
at org.testng.internal.MethodInvocationHelper.invokeMethod(MethodInvocationHelper.java:132)
at org.testng.internal.TestInvoker.invokeMethod(TestInvoker.java:599)
at org.testng.internal.TestInvoker.invokeTestMethod(TestInvoker.java:174)
at org.testng.internal.MethodRunner.runInSequence(MethodRunner.java:46)
at org.testng.internal.TestInvoker$MethodInvocationAgent.invoke(TestInvoker.java:822)
at org.testng.internal.TestInvoker.invokeTestMethods(TestInvoker.java:147)
at org.testng.internal.TestMethodWorker.invokeTestMethods(TestMethodWorker.java:146)
at org.testng.internal.TestMethodWorker.run(TestMethodWorker.java:128)
at java.base/java.util.ArrayList.forEach(ArrayList.java:1511)
at org.testng.TestRunner.privateRun(TestRunner.java:764)
at org.testng.TestRunner.run(TestRunner.java:585)
at org.testng.SuiteRunner.runTest(SuiteRunner.java:384)
at org.testng.SuiteRunner.runSequentially(SuiteRunner.java:378)
at org.testng.SuiteRunner.privateRun(SuiteRunner.java:337)
at org.testng.SuiteRunner.run(SuiteRunner.java:286)
at org.testng.SuiteRunnerWorker.runSuite(SuiteRunnerWorker.java:53)
at org.testng.SuiteRunnerWorker.run(SuiteRunnerWorker.java:96)
at org.testng.TestNG.runSuitesSequentially(TestNG.java:1218)
at org.testng.TestNG.runSuitesLocally(TestNG.java:1140)
at org.testng.TestNG.runSuites(TestNG.java:1069)
at org.testng.TestNG.run(TestNG.java:1037)
at org.testng.remote.AbstractRemoteTestNG.run(AbstractRemoteTestNG.java:115)
at org.testng.remote.RemoteTestNG.initAndRun(RemoteTestNG.java:251)
at org.testng.remote.RemoteTestNG.main(RemoteTestNG.java:77)
]]>
    </failure>
  </testcase> <!-- applianceRecalls -->
  <testcase classname="pages.allBrands" name="cleaningProducts" time="0.861">
    <failure type="java.lang.AssertionError" message="expected [https://www.espares.co.uk/browse/ca1421/cleaning-products] but found [https://www.espares.co.uk/brands]">
      <![CDATA[java.lang.AssertionError: expected [https://www.espares.co.uk/browse/ca1421/cleaning-products] but found [https://www.espares.co.uk/brands]
at org.testng.Assert.fail(Assert.java:99)
at org.testng.Assert.failNotEquals(Assert.java:1037)
at org.testng.Assert.assertEqualsImpl(Assert.java:140)
at org.testng.Assert.assertEquals(Assert.java:122)
at org.testng.Assert.assertEquals(Assert.java:629)
at org.testng.Assert.assertEquals(Assert.java:639)
at pages.allBrands.cleaningProducts(allBrands.java:60)
at java.base/jdk.internal.reflect.NativeMethodAccessorImpl.invoke0(Native Method)
at java.base/jdk.internal.reflect.NativeMethodAccessorImpl.invoke(NativeMethodAccessorImpl.java:64)
at java.base/jdk.internal.reflect.DelegatingMethodAccessorImpl.invoke(DelegatingMethodAccessorImpl.java:43)
at java.base/java.lang.reflect.Method.invoke(Method.java:564)
at org.testng.internal.MethodInvocationHelper.invokeMethod(MethodInvocationHelper.java:132)
at org.testng.internal.TestInvoker.invokeMethod(TestInvoker.java:599)
at org.testng.internal.TestInvoker.invokeTestMethod(TestInvoker.java:174)
at org.testng.internal.MethodRunner.runInSequence(MethodRunner.java:46)
at org.testng.internal.TestInvoker$MethodInvocationAgent.invoke(TestInvoker.java:822)
at org.testng.internal.TestInvoker.invokeTestMethods(TestInvoker.java:147)
at org.testng.internal.TestMethodWorker.invokeTestMethods(TestMethodWorker.java:146)
at org.testng.internal.TestMethodWorker.run(TestMethodWorker.java:128)
at java.base/java.util.ArrayList.forEach(ArrayList.java:1511)
at org.testng.TestRunner.privateRun(TestRunner.java:764)
at org.testng.TestRunner.run(TestRunner.java:585)
at org.testng.SuiteRunner.runTest(SuiteRunner.java:384)
at org.testng.SuiteRunner.runSequentially(SuiteRunner.java:378)
at org.testng.SuiteRunner.privateRun(SuiteRunner.java:337)
at org.testng.SuiteRunner.run(SuiteRunner.java:286)
at org.testng.SuiteRunnerWorker.runSuite(SuiteRunnerWorker.java:53)
at org.testng.SuiteRunnerWorker.run(SuiteRunnerWorker.java:96)
at org.testng.TestNG.runSuitesSequentially(TestNG.java:1218)
at org.testng.TestNG.runSuitesLocally(TestNG.java:1140)
at org.testng.TestNG.runSuites(TestNG.java:1069)
at org.testng.TestNG.run(TestNG.java:1037)
at org.testng.remote.AbstractRemoteTestNG.run(AbstractRemoteTestNG.java:115)
at org.testng.remote.RemoteTestNG.initAndRun(RemoteTestNG.java:251)
at org.testng.remote.RemoteTestNG.main(RemoteTestNG.java:77)
]]>
    </failure>
  </testcase> <!-- cleaningProducts -->
  <testcase classname="pages.allBrands" name="covid19" time="0.0">
    <skipped/>
  </testcase> <!-- covid19 -->
  <testcase classname="pages.allBrands" name="heroes" time="0.0">
    <skipped/>
  </testcase> <!-- heroes -->
  <testcase classname="pages.allBrands" name="offers" time="0.0">
    <skipped/>
  </testcase> <!-- offers -->
  <testcase classname="pages.allBrands" name="fittingTools" time="0.0">
    <skipped/>
  </testcase> <!-- fittingTools -->
  <testcase classname="pages.allBrands" name="fixFirst" time="0.0">
    <skipped/>
  </testcase> <!-- fixFirst -->
  <testcase classname="pages.allBrands" name="garden" time="0.001">
    <skipped/>
  </testcase> <!-- garden -->
  <testcase classname="pages.allBrands" name="homeOffice" time="0.0">
    <skipped/>
  </testcase> <!-- homeOffice -->
  <testcase classname="pages.allBrands" name="kitchenAppliances" time="0.0">
    <skipped/>
  </testcase> <!-- kitchenAppliances -->
  <testcase classname="pages.allBrands" name="sound" time="0.0">
    <skipped/>
  </testcase> <!-- sound -->
  <testcase classname="pages.allBrands" name="vacuums" time="0.0">
    <skipped/>
  </testcase> <!-- vacuums -->
  <testcase classname="pages.allBrands" name="washers" time="0.0">
    <skipped/>
  </testcase> <!-- washers -->
  <testcase classname="pages.allBrands" name="click3" time="0.0">
    <skipped/>
  </testcase> <!-- click3 -->
  <testcase classname="pages.allBrands" name="clickA" time="0.0">
    <skipped/>
  </testcase> <!-- clickA -->
  <testcase classname="pages.allBrands" name="clickB" time="0.0">
    <skipped/>
  </testcase> <!-- clickB -->
  <testcase classname="pages.allBrands" name="clickC" time="0.0">
    <skipped/>
  </testcase> <!-- clickC -->
  <testcase classname="pages.allBrands" name="clickD" time="0.0">
    <skipped/>
  </testcase> <!-- clickD -->
  <testcase classname="pages.allBrands" name="clickE" time="0.0">
    <skipped/>
  </testcase> <!-- clickE -->
  <testcase classname="pages.allBrands" name="clickF" time="0.0">
    <skipped/>
  </testcase> <!-- clickF -->
  <testcase classname="pages.allBrands" name="clickG" time="0.0">
    <skipped/>
  </testcase> <!-- clickG -->
  <testcase classname="pages.allBrands" name="clickH" time="0.0">
    <skipped/>
  </testcase> <!-- clickH -->
  <testcase classname="pages.allBrands" name="clickI" time="0.0">
    <skipped/>
  </testcase> <!-- clickI -->
  <testcase classname="pages.allBrands" name="clickJ" time="0.0">
    <skipped/>
  </testcase> <!-- clickJ -->
  <testcase classname="pages.allBrands" name="clickK" time="0.0">
    <skipped/>
  </testcase> <!-- clickK -->
  <testcase classname="pages.allBrands" name="clickL" time="0.0">
    <skipped/>
  </testcase> <!-- clickL -->
  <testcase classname="pages.allBrands" name="clickM" time="0.0">
    <skipped/>
  </testcase> <!-- clickM -->
  <testcase classname="pages.allBrands" name="clickN" time="0.0">
    <skipped/>
  </testcase> <!-- clickN -->
</testsuite> <!-- Default test -->
