<?xml version="1.0" encoding="UTF-8"?>
<!-- Generated by org.testng.reporters.JUnitReportReporter -->
<testsuite hostname="DESKTOP-DDAITJ6" failures="0" tests="25" name="pages.homepageBody" time="128.778" errors="1" timestamp="2020-12-11T14:37:30 BDT" skipped="24">
  <testcase classname="pages.homepageBody" name="setUpTest" time="128.778">
    <error message="chrome not reachable
  (Session info: chrome=87.0.4280.88)
Build info: version: &#039;3.141.59&#039;, revision: &#039;e82be7d358&#039;, time: &#039;2018-11-14T08:25:48&#039;
System info: host: &#039;DESKTOP-DDAITJ6&#039;, ip: &#039;192.168.1.105&#039;, os.name: &#039;Windows 10&#039;, os.arch: &#039;amd64&#039;, os.version: &#039;10.0&#039;, java.version: &#039;15.0.1&#039;
Driver info: org.openqa.selenium.chrome.ChromeDriver
Capabilities {acceptInsecureCerts: false, browserName: chrome, browserVersion: 87.0.4280.88, chrome: {chromedriverVersion: 86.0.4240.22 (398b0743353ff..., userDataDir: C:\Users\88015\AppData\Loca...}, goog:chromeOptions: {debuggerAddress: localhost:50720}, javascriptEnabled: true, networkConnectionEnabled: false, pageLoadStrategy: normal, platform: WINDOWS, platformName: WINDOWS, proxy: Proxy(), setWindowRect: true, strictFileInteractability: false, timeouts: {implicit: 0, pageLoad: 300000, script: 30000}, unhandledPromptBehavior: dismiss and notify, webauthn:virtualAuthenticators: true}
Session ID: 48b3160c88b63e54abb305f3ad442f62" type="org.openqa.selenium.WebDriverException">
      <![CDATA[org.openqa.selenium.WebDriverException: chrome not reachable
  (Session info: chrome=87.0.4280.88)
Build info: version: '3.141.59', revision: 'e82be7d358', time: '2018-11-14T08:25:48'
System info: host: 'DESKTOP-DDAITJ6', ip: '192.168.1.105', os.name: 'Windows 10', os.arch: 'amd64', os.version: '10.0', java.version: '15.0.1'
Driver info: org.openqa.selenium.chrome.ChromeDriver
Capabilities {acceptInsecureCerts: false, browserName: chrome, browserVersion: 87.0.4280.88, chrome: {chromedriverVersion: 86.0.4240.22 (398b0743353ff..., userDataDir: C:\Users\88015\AppData\Loca...}, goog:chromeOptions: {debuggerAddress: localhost:50720}, javascriptEnabled: true, networkConnectionEnabled: false, pageLoadStrategy: normal, platform: WINDOWS, platformName: WINDOWS, proxy: Proxy(), setWindowRect: true, strictFileInteractability: false, timeouts: {implicit: 0, pageLoad: 300000, script: 30000}, unhandledPromptBehavior: dismiss and notify, webauthn:virtualAuthenticators: true}
Session ID: 48b3160c88b63e54abb305f3ad442f62
at java.base/jdk.internal.reflect.NativeConstructorAccessorImpl.newInstance0(Native Method)
at java.base/jdk.internal.reflect.NativeConstructorAccessorImpl.newInstance(NativeConstructorAccessorImpl.java:64)
at java.base/jdk.internal.reflect.DelegatingConstructorAccessorImpl.newInstance(DelegatingConstructorAccessorImpl.java:45)
at java.base/java.lang.reflect.Constructor.newInstanceWithCaller(Constructor.java:500)
at java.base/java.lang.reflect.Constructor.newInstance(Constructor.java:481)
at org.openqa.selenium.remote.http.W3CHttpResponseCodec.createException(W3CHttpResponseCodec.java:187)
at org.openqa.selenium.remote.http.W3CHttpResponseCodec.decode(W3CHttpResponseCodec.java:122)
at org.openqa.selenium.remote.http.W3CHttpResponseCodec.decode(W3CHttpResponseCodec.java:49)
at org.openqa.selenium.remote.HttpCommandExecutor.execute(HttpCommandExecutor.java:158)
at org.openqa.selenium.remote.service.DriverCommandExecutor.execute(DriverCommandExecutor.java:83)
at org.openqa.selenium.remote.RemoteWebDriver.execute(RemoteWebDriver.java:552)
at org.openqa.selenium.remote.RemoteWebDriver.execute(RemoteWebDriver.java:609)
at org.openqa.selenium.remote.RemoteWebDriver$RemoteAlert.accept(RemoteWebDriver.java:947)
at pages.homepageBody.setUpTest(homepageBody.java:27)
at java.base/jdk.internal.reflect.NativeMethodAccessorImpl.invoke0(Native Method)
at java.base/jdk.internal.reflect.NativeMethodAccessorImpl.invoke(NativeMethodAccessorImpl.java:64)
at java.base/jdk.internal.reflect.DelegatingMethodAccessorImpl.invoke(DelegatingMethodAccessorImpl.java:43)
at java.base/java.lang.reflect.Method.invoke(Method.java:564)
at org.testng.internal.MethodInvocationHelper.invokeMethod(MethodInvocationHelper.java:132)
at org.testng.internal.MethodInvocationHelper.invokeMethodConsideringTimeout(MethodInvocationHelper.java:61)
at org.testng.internal.ConfigInvoker.invokeConfigurationMethod(ConfigInvoker.java:366)
at org.testng.internal.ConfigInvoker.invokeConfigurations(ConfigInvoker.java:320)
at org.testng.internal.TestInvoker.runConfigMethods(TestInvoker.java:701)
at org.testng.internal.TestInvoker.invokeMethod(TestInvoker.java:527)
at org.testng.internal.TestInvoker.invokeTestMethod(TestInvoker.java:174)
at org.testng.internal.MethodRunner.runInSequence(MethodRunner.java:46)
at org.testng.internal.TestInvoker$MethodInvocationAgent.invoke(TestInvoker.java:822)
at org.testng.internal.TestInvoker.invokeTestMethods(TestInvoker.java:147)
at org.testng.internal.TestMethodWorker.invokeTestMethods(TestMethodWorker.java:146)
at org.testng.internal.TestMethodWorker.run(TestMethodWorker.java:128)
at java.base/java.util.ArrayList.forEach(ArrayList.java:1511)
at org.testng.TestRunner.privateRun(TestRunner.java:764)
at org.testng.TestRunner.run(TestRunner.java:585)
at org.testng.SuiteRunner.runTest(SuiteRunner.java:384)
at org.testng.SuiteRunner.runSequentially(SuiteRunner.java:378)
at org.testng.SuiteRunner.privateRun(SuiteRunner.java:337)
at org.testng.SuiteRunner.run(SuiteRunner.java:286)
at org.testng.SuiteRunnerWorker.runSuite(SuiteRunnerWorker.java:53)
at org.testng.SuiteRunnerWorker.run(SuiteRunnerWorker.java:96)
at org.testng.TestNG.runSuitesSequentially(TestNG.java:1218)
at org.testng.TestNG.runSuitesLocally(TestNG.java:1140)
at org.testng.TestNG.runSuites(TestNG.java:1069)
at org.testng.TestNG.run(TestNG.java:1037)
at org.testng.remote.AbstractRemoteTestNG.run(AbstractRemoteTestNG.java:115)
at org.testng.remote.RemoteTestNG.initAndRun(RemoteTestNG.java:251)
at org.testng.remote.RemoteTestNG.main(RemoteTestNG.java:77)
]]>
    </error>
  </testcase> <!-- setUpTest -->
  <system-out/>
  <testcase classname="pages.homepageBody" name="tronTitleVerification" time="0.000">
    <skipped/>
  </testcase> <!-- tronTitleVerification -->
  <system-out/>
  <testcase classname="pages.homepageBody" name="eNews" time="0.000">
    <skipped/>
  </testcase> <!-- eNews -->
  <system-out/>
  <testcase classname="pages.homepageBody" name="viewAllBrands" time="0.000">
    <skipped/>
  </testcase> <!-- viewAllBrands -->
  <system-out/>
  <testcase classname="pages.homepageBody" name="featured" time="0.000">
    <skipped/>
  </testcase> <!-- featured -->
  <system-out/>
  <testcase classname="pages.homepageBody" name="featuredNext" time="0.000">
    <skipped/>
  </testcase> <!-- featuredNext -->
  <system-out/>
  <testcase classname="pages.homepageBody" name="adviceCenter" time="0.000">
    <skipped/>
  </testcase> <!-- adviceCenter -->
  <system-out/>
  <testcase classname="pages.homepageBody" name="findModel" time="0.000">
    <skipped/>
  </testcase> <!-- findModel -->
  <system-out/>
  <testcase classname="pages.homepageBody" name="findPart" time="0.000">
    <skipped/>
  </testcase> <!-- findPart -->
  <system-out/>
  <testcase classname="pages.homepageBody" name="manuals" time="0.000">
    <skipped/>
  </testcase> <!-- manuals -->
  <system-out/>
  <testcase classname="pages.homepageBody" name="adiceCenterArticle" time="0.000">
    <skipped/>
  </testcase> <!-- adiceCenterArticle -->
  <system-out/>
  <testcase classname="pages.homepageBody" name="beko" time="0.000">
    <skipped/>
  </testcase> <!-- beko -->
  <system-out/>
  <testcase classname="pages.homepageBody" name="bosch" time="0.000">
    <skipped/>
  </testcase> <!-- bosch -->
  <system-out/>
  <testcase classname="pages.homepageBody" name="dyson" time="0.000">
    <skipped/>
  </testcase> <!-- dyson -->
  <system-out/>
  <testcase classname="pages.homepageBody" name="hotPoint" time="0.000">
    <skipped/>
  </testcase> <!-- hotPoint -->
  <system-out/>
  <testcase classname="pages.homepageBody" name="indesit" time="0.000">
    <skipped/>
  </testcase> <!-- indesit -->
  <system-out/>
  <testcase classname="pages.homepageBody" name="karcher" time="0.000">
    <skipped/>
  </testcase> <!-- karcher -->
  <system-out/>
  <testcase classname="pages.homepageBody" name="kenwood" time="0.000">
    <skipped/>
  </testcase> <!-- kenwood -->
  <system-out/>
  <testcase classname="pages.homepageBody" name="lamona" time="0.000">
    <skipped/>
  </testcase> <!-- lamona -->
  <system-out/>
  <testcase classname="pages.homepageBody" name="miele" time="0.000">
    <skipped/>
  </testcase> <!-- miele -->
  <system-out/>
  <testcase classname="pages.homepageBody" name="neff" time="0.000">
    <skipped/>
  </testcase> <!-- neff -->
  <system-out/>
  <testcase classname="pages.homepageBody" name="numaticHenry" time="0.000">
    <skipped/>
  </testcase> <!-- numaticHenry -->
  <system-out/>
  <testcase classname="pages.homepageBody" name="samsung" time="0.000">
    <skipped/>
  </testcase> <!-- samsung -->
  <system-out/>
  <testcase classname="pages.homepageBody" name="vax" time="0.000">
    <skipped/>
  </testcase> <!-- vax -->
  <system-out/>
  <testcase classname="pages.homepageBody" name="zanussi" time="0.000">
    <skipped/>
  </testcase> <!-- zanussi -->
  <system-out/>
</testsuite> <!-- pages.homepageBody -->
