<?xml version="1.0" encoding="UTF-8"?>
<!-- Generated by org.testng.reporters.JUnitReportReporter -->
<testsuite hostname="DESKTOP-DDAITJ6" failures="0" tests="33" name="pages.homePage" time="680.426" errors="1" timestamp="2020-11-16T15:24:00 BDT" skipped="0">
  <testcase classname="pages.homePage" name="tronTitleVerification" time="18.239"/>
  <system-out/>
  <testcase classname="pages.homePage" name="allBrand" time="19.273"/>
  <system-out/>
  <testcase classname="pages.homePage" name="kitchenAppliances" time="23.528"/>
  <system-out/>
  <testcase classname="pages.homePage" name="washersDryers" time="19.333"/>
  <system-out/>
  <testcase classname="pages.homePage" name="garden" time="18.959"/>
  <system-out/>
  <testcase classname="pages.homePage" name="vacuumsFloorcare" time="20.868"/>
  <system-out/>
  <testcase classname="pages.homePage" name="cleaningProducts" time="20.039"/>
  <system-out/>
  <testcase classname="pages.homePage" name="soundVision" time="19.766"/>
  <system-out/>
  <testcase classname="pages.homePage" name="homeOffice" time="18.880"/>
  <system-out/>
  <testcase classname="pages.homePage" name="Offers" time="19.142"/>
  <system-out/>
  <testcase classname="pages.homePage" name="adviceCentre" time="18.642"/>
  <system-out/>
  <testcase classname="pages.homePage" name="eNews" time="19.862"/>
  <system-out/>
  <testcase classname="pages.homePage" name="aboutUs" time="19.752"/>
  <system-out/>
  <testcase classname="pages.homePage" name="contactUs" time="18.975"/>
  <system-out/>
  <testcase classname="pages.homePage" name="currency" time="18.292"/>
  <system-out/>
  <testcase classname="pages.homePage" name="basket" time="22.389"/>
  <system-out/>
  <testcase classname="pages.homePage" name="myAccount" time="19.016"/>
  <system-out/>
  <testcase classname="pages.homePage" name="contact" time="19.126"/>
  <system-out/>
  <testcase classname="pages.homePage" name="aboutDelivery" time="27.807">
    <error message="element click intercepted: Element &lt;a href=&quot;/aboutdelivery&quot;&gt;...&lt;/a&gt; is not clickable at point (164, 605). Other element would receive the click: &lt;iframe ng-non-bindable=&quot;&quot; frameborder=&quot;0&quot; hspace=&quot;0&quot; marginheight=&quot;0&quot; marginwidth=&quot;0&quot; scrolling=&quot;no&quot; style=&quot;position: static; top: 0px; width: 165px; margin: 0px; border-style: none; display: block; left: 0px; visibility: visible; height: 54px;&quot; tabindex=&quot;0&quot; vspace=&quot;0&quot; width=&quot;100%&quot; id=&quot;I1_1605518336190&quot; name=&quot;I1_1605518336190&quot; src=&quot;https://www.google.com/shopping/customerreviews/badge?usegapi=1&amp;amp;merchant_id=1386153&amp;amp;position=BOTTOM_LEFT&amp;amp;hl=en_GB&amp;amp;origin=https%3A%2F%2Fwww.espares.co.uk&amp;amp;gsrc=3p&amp;amp;jsh=m%3B%2F_%2Fscs%2Fapps-static%2F_%2Fjs%2Fk%3Doz.gapi.en_US.0_afc8ibZR4.O%2Fam%3DwQE%2Fd%3D1%2Fct%3Dzgms%2Frs%3DAGLTcCOPV8Bttuu5r6907bIMhw8f2tfAew%2Fm%3D__features__#_methods=onPlusOne%2C_ready%2C_close%2C_open%2C_resizeMe%2C_renderstart%2Concircled%2Cdrefresh%2Cerefresh&amp;amp;id=I1_1605518336190&amp;amp;_gfid=I1_1605518336190&amp;amp;parent=https%3A%2F%2Fwww.espares.co.uk&amp;amp;pfname=&amp;amp;rpctoken=23251498&quot; data-gapiattached=&quot;true&quot; title=&quot;Google Customer Reviews&quot;&gt;&lt;/iframe&gt;
  (Session info: chrome=86.0.4240.193)
Build info: version: &#039;3.141.59&#039;, revision: &#039;e82be7d358&#039;, time: &#039;2018-11-14T08:25:48&#039;
System info: host: &#039;DESKTOP-DDAITJ6&#039;, ip: &#039;192.168.1.124&#039;, os.name: &#039;Windows 10&#039;, os.arch: &#039;amd64&#039;, os.version: &#039;10.0&#039;, java.version: &#039;15.0.1&#039;
Driver info: org.openqa.selenium.chrome.ChromeDriver
Capabilities {acceptInsecureCerts: false, browserName: chrome, browserVersion: 86.0.4240.193, chrome: {chromedriverVersion: 86.0.4240.22 (398b0743353ff..., userDataDir: C:\Users\88015\AppData\Loca...}, goog:chromeOptions: {debuggerAddress: localhost:49809}, javascriptEnabled: true, networkConnectionEnabled: false, pageLoadStrategy: normal, platform: WINDOWS, platformName: WINDOWS, proxy: Proxy(), setWindowRect: true, strictFileInteractability: false, timeouts: {implicit: 0, pageLoad: 300000, script: 30000}, unhandledPromptBehavior: dismiss and notify, webauthn:virtualAuthenticators: true}
Session ID: 4f7966f5423790506c8a4a8f0d3359d0" type="org.openqa.selenium.ElementClickInterceptedException">
      <![CDATA[org.openqa.selenium.ElementClickInterceptedException: element click intercepted: Element <a href="/aboutdelivery">...</a> is not clickable at point (164, 605). Other element would receive the click: <iframe ng-non-bindable="" frameborder="0" hspace="0" marginheight="0" marginwidth="0" scrolling="no" style="position: static; top: 0px; width: 165px; margin: 0px; border-style: none; display: block; left: 0px; visibility: visible; height: 54px;" tabindex="0" vspace="0" width="100%" id="I1_1605518336190" name="I1_1605518336190" src="https://www.google.com/shopping/customerreviews/badge?usegapi=1&amp;merchant_id=1386153&amp;position=BOTTOM_LEFT&amp;hl=en_GB&amp;origin=https%3A%2F%2Fwww.espares.co.uk&amp;gsrc=3p&amp;jsh=m%3B%2F_%2Fscs%2Fapps-static%2F_%2Fjs%2Fk%3Doz.gapi.en_US.0_afc8ibZR4.O%2Fam%3DwQE%2Fd%3D1%2Fct%3Dzgms%2Frs%3DAGLTcCOPV8Bttuu5r6907bIMhw8f2tfAew%2Fm%3D__features__#_methods=onPlusOne%2C_ready%2C_close%2C_open%2C_resizeMe%2C_renderstart%2Concircled%2Cdrefresh%2Cerefresh&amp;id=I1_1605518336190&amp;_gfid=I1_1605518336190&amp;parent=https%3A%2F%2Fwww.espares.co.uk&amp;pfname=&amp;rpctoken=23251498" data-gapiattached="true" title="Google Customer Reviews"></iframe>
  (Session info: chrome=86.0.4240.193)
Build info: version: '3.141.59', revision: 'e82be7d358', time: '2018-11-14T08:25:48'
System info: host: 'DESKTOP-DDAITJ6', ip: '192.168.1.124', os.name: 'Windows 10', os.arch: 'amd64', os.version: '10.0', java.version: '15.0.1'
Driver info: org.openqa.selenium.chrome.ChromeDriver
Capabilities {acceptInsecureCerts: false, browserName: chrome, browserVersion: 86.0.4240.193, chrome: {chromedriverVersion: 86.0.4240.22 (398b0743353ff..., userDataDir: C:\Users\88015\AppData\Loca...}, goog:chromeOptions: {debuggerAddress: localhost:49809}, javascriptEnabled: true, networkConnectionEnabled: false, pageLoadStrategy: normal, platform: WINDOWS, platformName: WINDOWS, proxy: Proxy(), setWindowRect: true, strictFileInteractability: false, timeouts: {implicit: 0, pageLoad: 300000, script: 30000}, unhandledPromptBehavior: dismiss and notify, webauthn:virtualAuthenticators: true}
Session ID: 4f7966f5423790506c8a4a8f0d3359d0
at java.base/jdk.internal.reflect.NativeConstructorAccessorImpl.newInstance0(Native Method)
at java.base/jdk.internal.reflect.NativeConstructorAccessorImpl.newInstance(NativeConstructorAccessorImpl.java:64)
at java.base/jdk.internal.reflect.DelegatingConstructorAccessorImpl.newInstance(DelegatingConstructorAccessorImpl.java:45)
at java.base/java.lang.reflect.Constructor.newInstanceWithCaller(Constructor.java:500)
at java.base/java.lang.reflect.Constructor.newInstance(Constructor.java:481)
at org.openqa.selenium.remote.http.W3CHttpResponseCodec.createException(W3CHttpResponseCodec.java:187)
at org.openqa.selenium.remote.http.W3CHttpResponseCodec.decode(W3CHttpResponseCodec.java:122)
at org.openqa.selenium.remote.http.W3CHttpResponseCodec.decode(W3CHttpResponseCodec.java:49)
at org.openqa.selenium.remote.HttpCommandExecutor.execute(HttpCommandExecutor.java:158)
at org.openqa.selenium.remote.service.DriverCommandExecutor.execute(DriverCommandExecutor.java:83)
at org.openqa.selenium.remote.RemoteWebDriver.execute(RemoteWebDriver.java:552)
at org.openqa.selenium.remote.RemoteWebElement.execute(RemoteWebElement.java:285)
at org.openqa.selenium.remote.RemoteWebElement.click(RemoteWebElement.java:84)
at pages.homePage.aboutDelivery(homePage.java:208)
at java.base/jdk.internal.reflect.NativeMethodAccessorImpl.invoke0(Native Method)
at java.base/jdk.internal.reflect.NativeMethodAccessorImpl.invoke(NativeMethodAccessorImpl.java:64)
at java.base/jdk.internal.reflect.DelegatingMethodAccessorImpl.invoke(DelegatingMethodAccessorImpl.java:43)
at java.base/java.lang.reflect.Method.invoke(Method.java:564)
at org.testng.internal.MethodInvocationHelper.invokeMethod(MethodInvocationHelper.java:132)
at org.testng.internal.TestInvoker.invokeMethod(TestInvoker.java:599)
at org.testng.internal.TestInvoker.invokeTestMethod(TestInvoker.java:174)
at org.testng.internal.MethodRunner.runInSequence(MethodRunner.java:46)
at org.testng.internal.TestInvoker$MethodInvocationAgent.invoke(TestInvoker.java:822)
at org.testng.internal.TestInvoker.invokeTestMethods(TestInvoker.java:147)
at org.testng.internal.TestMethodWorker.invokeTestMethods(TestMethodWorker.java:146)
at org.testng.internal.TestMethodWorker.run(TestMethodWorker.java:128)
at java.base/java.util.ArrayList.forEach(ArrayList.java:1511)
at org.testng.TestRunner.privateRun(TestRunner.java:764)
at org.testng.TestRunner.run(TestRunner.java:585)
at org.testng.SuiteRunner.runTest(SuiteRunner.java:384)
at org.testng.SuiteRunner.runSequentially(SuiteRunner.java:378)
at org.testng.SuiteRunner.privateRun(SuiteRunner.java:337)
at org.testng.SuiteRunner.run(SuiteRunner.java:286)
at org.testng.SuiteRunnerWorker.runSuite(SuiteRunnerWorker.java:53)
at org.testng.SuiteRunnerWorker.run(SuiteRunnerWorker.java:96)
at org.testng.TestNG.runSuitesSequentially(TestNG.java:1218)
at org.testng.TestNG.runSuitesLocally(TestNG.java:1140)
at org.testng.TestNG.runSuites(TestNG.java:1069)
at org.testng.TestNG.run(TestNG.java:1037)
at org.testng.remote.AbstractRemoteTestNG.run(AbstractRemoteTestNG.java:115)
at org.testng.remote.RemoteTestNG.initAndRun(RemoteTestNG.java:251)
at org.testng.remote.RemoteTestNG.main(RemoteTestNG.java:77)
]]>
    </error>
  </testcase> <!-- aboutDelivery -->
  <system-out/>
  <testcase classname="pages.homePage" name="returnsRefunds" time="29.095"/>
  <system-out/>
  <testcase classname="pages.homePage" name="advice" time="23.311"/>
  <system-out/>
  <testcase classname="pages.homePage" name="userManuals" time="23.061"/>
  <system-out/>
  <testcase classname="pages.homePage" name="modelNumberFinder" time="21.336"/>
  <system-out/>
  <testcase classname="pages.homePage" name="helpMeFindMyPart" time="22.152"/>
  <system-out/>
  <testcase classname="pages.homePage" name="cookieSettings" time="19.347"/>
  <system-out/>
  <testcase classname="pages.homePage" name="privacyPolicy" time="21.065"/>
  <system-out/>
  <testcase classname="pages.homePage" name="termsConditions" time="21.314"/>
  <system-out/>
  <testcase classname="pages.homePage" name="siteMap" time="21.839"/>
  <system-out/>
  <testcase classname="pages.homePage" name="everythingYouEver" time="20.322"/>
  <system-out/>
  <testcase classname="pages.homePage" name="fb" time="18.490"/>
  <system-out/>
  <testcase classname="pages.homePage" name="twitter" time="19.052"/>
  <system-out/>
  <testcase classname="pages.homePage" name="youTube" time="18.825"/>
  <system-out/>
  <testcase classname="pages.homePage" name="blog" time="19.329"/>
  <system-out/>
</testsuite> <!-- pages.homePage -->
